<?xml version="1.0" encoding="UTF-8"?>
<!-- Generated by org.testng.reporters.JUnitReportReporter -->
<testsuite hostname="LAPTOP-6PTS3HBQ" failures="0" tests="19" name="Com.qa.openkart.test.HomePageTest" time="5.767" errors="1" timestamp="2025-08-19T18:32:55 IST" skipped="18">
  <testcase classname="Com.qa.openkart.test.HomePageTest" name="Catalogue5Homepage" time="0.000">
    <skipped/>
  </testcase> <!-- Catalogue5Homepage -->
  <system-out/>
  <testcase classname="Com.qa.openkart.test.HomePageTest" name="Customers2Homepage" time="0.001">
    <skipped/>
  </testcase> <!-- Customers2Homepage -->
  <system-out/>
  <testcase classname="Com.qa.openkart.test.HomePageTest" name="Sales2Homepage" time="0.000">
    <skipped/>
  </testcase> <!-- Sales2Homepage -->
  <system-out/>
  <testcase classname="Com.qa.openkart.test.HomePageTest" name="Sales4Homepage" time="0.000">
    <skipped/>
  </testcase> <!-- Sales4Homepage -->
  <system-out/>
  <testcase classname="Com.qa.openkart.test.HomePageTest" name="Customers5Homepage" time="0.000">
    <skipped/>
  </testcase> <!-- Customers5Homepage -->
  <system-out/>
  <testcase classname="Com.qa.openkart.test.HomePageTest" name="Catalogue3Homepage" time="0.000">
    <skipped/>
  </testcase> <!-- Catalogue3Homepage -->
  <system-out/>
  <testcase classname="Com.qa.openkart.test.HomePageTest" name="Catalogue2Homepage" time="0.000">
    <skipped/>
  </testcase> <!-- Catalogue2Homepage -->
  <system-out/>
  <testcase classname="Com.qa.openkart.test.HomePageTest" name="Sales1Homepage" time="0.000">
    <skipped/>
  </testcase> <!-- Sales1Homepage -->
  <system-out/>
  <testcase classname="Com.qa.openkart.test.HomePageTest" name="Customers6Homepage" time="0.000">
    <skipped/>
  </testcase> <!-- Customers6Homepage -->
  <system-out/>
  <testcase classname="Com.qa.openkart.test.HomePageTest" name="Catalogue4Homepage" time="0.001">
    <skipped/>
  </testcase> <!-- Catalogue4Homepage -->
  <system-out/>
  <testcase classname="Com.qa.openkart.test.HomePageTest" name="Catalogue6Homepage" time="0.000">
    <skipped/>
  </testcase> <!-- Catalogue6Homepage -->
  <system-out/>
  <testcase classname="Com.qa.openkart.test.HomePageTest" name="Customers1Homepage" time="0.000">
    <skipped/>
  </testcase> <!-- Customers1Homepage -->
  <system-out/>
  <testcase classname="Com.qa.openkart.test.HomePageTest" name="Sales3Homepage" time="0.000">
    <skipped/>
  </testcase> <!-- Sales3Homepage -->
  <system-out/>
  <testcase classname="Com.qa.openkart.test.HomePageTest" name="Sales5Homepage" time="0.000">
    <skipped/>
  </testcase> <!-- Sales5Homepage -->
  <system-out/>
  <testcase classname="Com.qa.openkart.test.HomePageTest" name="setup" time="5.765">
    <error message="Unresolved compilation problems: 
	Syntax error on token &quot;public&quot;, delete this token
	The method HomePage in type HomePage can only set one of public / protected / private
" type="java.lang.Error">
      <![CDATA[java.lang.Error: Unresolved compilation problems: 
Syntax error on token "public", delete this token
The method HomePage in type HomePage can only set one of public / protected / private

at Com.qa.openkart.pages.HomePage.<init>(HomePage.java:51)
at Com.qa.openkart.base.BaseTest.setup(BaseTest.java:34)
at java.base/jdk.internal.reflect.NativeMethodAccessorImpl.invoke0(Native Method)
at java.base/jdk.internal.reflect.NativeMethodAccessorImpl.invoke(NativeMethodAccessorImpl.java:77)
at java.base/jdk.internal.reflect.DelegatingMethodAccessorImpl.invoke(DelegatingMethodAccessorImpl.java:43)
at java.base/java.lang.reflect.Method.invoke(Method.java:568)
at org.testng.internal.invokers.MethodInvocationHelper.invokeMethod(MethodInvocationHelper.java:139)
at org.testng.internal.invokers.MethodInvocationHelper.invokeMethodConsideringTimeout(MethodInvocationHelper.java:69)
at org.testng.internal.invokers.ConfigInvoker.invokeConfigurationMethod(ConfigInvoker.java:361)
at org.testng.internal.invokers.ConfigInvoker.invokeConfigurations(ConfigInvoker.java:296)
at org.testng.TestRunner.invokeTestConfigurations(TestRunner.java:644)
at org.testng.TestRunner.beforeRun(TestRunner.java:633)
at org.testng.TestRunner.run(TestRunner.java:595)
at org.testng.SuiteRunner.runTest(SuiteRunner.java:437)
at org.testng.SuiteRunner.runSequentially(SuiteRunner.java:431)
at org.testng.SuiteRunner.privateRun(SuiteRunner.java:391)
at org.testng.SuiteRunner.run(SuiteRunner.java:330)
at org.testng.SuiteRunnerWorker.runSuite(SuiteRunnerWorker.java:52)
at org.testng.SuiteRunnerWorker.run(SuiteRunnerWorker.java:95)
at org.testng.TestNG.runSuitesSequentially(TestNG.java:1256)
at org.testng.TestNG.runSuitesLocally(TestNG.java:1176)
at org.testng.TestNG.runSuites(TestNG.java:1099)
at org.testng.TestNG.run(TestNG.java:1067)
at org.testng.remote.AbstractRemoteTestNG.run(AbstractRemoteTestNG.java:115)
at org.testng.remote.RemoteTestNG.initAndRun(RemoteTestNG.java:251)
at org.testng.remote.RemoteTestNG.main(RemoteTestNG.java:77)
]]>
    </error>
  </testcase> <!-- setup -->
  <system-out/>
  <testcase classname="Com.qa.openkart.test.HomePageTest" name="Customers3Homepage" time="0.000">
    <skipped/>
  </testcase> <!-- Customers3Homepage -->
  <system-out/>
  <testcase classname="Com.qa.openkart.test.HomePageTest" name="Customers4Homepage" time="0.000">
    <skipped/>
  </testcase> <!-- Customers4Homepage -->
  <system-out/>
  <testcase classname="Com.qa.openkart.test.HomePageTest" name="Sales6Homepage" time="0.000">
    <skipped/>
  </testcase> <!-- Sales6Homepage -->
  <system-out/>
  <testcase classname="Com.qa.openkart.test.HomePageTest" name="Catalogue1Homepage" time="0.000">
    <skipped/>
  </testcase> <!-- Catalogue1Homepage -->
  <system-out/>
</testsuite> <!-- Com.qa.openkart.test.HomePageTest -->
