<?xml version="1.0" encoding="UTF-8"?>
<!-- Generated by org.testng.reporters.JUnitReportReporter -->
<testsuite hostname="LAPTOP-6PTS3HBQ" failures="0" tests="1" name="Test_ng.Login_page_Test" time="0.005" errors="0" timestamp="2025-07-27T10:44:19 IST" skipped="0">
  <testcase classname="Test_ng.Login_page_Test" name="f" time="0.005"/>
  <system-out/>
</testsuite> <!-- Test_ng.Login_page_Test -->
