<?xml version="1.0" encoding="UTF-8"?>
<!-- Generated by org.testng.reporters.JUnitReportReporter -->
<testsuite hostname="LAPTOP-6PTS3HBQ" failures="0" tests="6" name="Com.qa.openkart.test.HomePageAmazonTest" time="38.324" errors="0" timestamp="2025-08-21T19:46:24 IST" skipped="0">
  <testcase classname="Com.qa.openkart.test.HomePageAmazonTest" name="search1" time="10.237"/>
  <system-out/>
  <testcase classname="Com.qa.openkart.test.HomePageAmazonTest" name="chocolates" time="5.922"/>
  <system-out/>
  <testcase classname="Com.qa.openkart.test.HomePageAmazonTest" name="search2" time="9.574"/>
  <system-out/>
  <testcase classname="Com.qa.openkart.test.HomePageAmazonTest" name="watches" time="4.681"/>
  <system-out/>
  <testcase classname="Com.qa.openkart.test.HomePageAmazonTest" name="addtocart" time="7.910"/>
  <system-out/>
  <testcase classname="Com.qa.openkart.test.HomePageAmazonTest" name="buy" time="0.000"/>
  <system-out/>
</testsuite> <!-- Com.qa.openkart.test.HomePageAmazonTest -->
