<?xml version="1.0" encoding="UTF-8"?>
<!-- Generated by org.testng.reporters.JUnitReportReporter -->
<testsuite hostname="LAPTOP-6PTS3HBQ" failures="0" tests="5" name="Com.qa.openkart.test.LoginPageTest" time="14.501" errors="0" timestamp="2025-08-16T13:18:01 IST" skipped="0">
  <testcase classname="Com.qa.openkart.test.LoginPageTest" name="validLogin" time="12.042"/>
  <system-out/>
  <testcase classname="Com.qa.openkart.test.LoginPageTest" name="remembermeloginpage" time="2.172"/>
  <system-out/>
  <testcase classname="Com.qa.openkart.test.LoginPageTest" name="textdisplayedloginpage" time="0.038"/>
  <system-out/>
  <testcase classname="Com.qa.openkart.test.LoginPageTest" name="gettitle" time="0.237"/>
  <system-out/>
  <testcase classname="Com.qa.openkart.test.LoginPageTest" name="geturl" time="0.012"/>
  <system-out/>
</testsuite> <!-- Com.qa.openkart.test.LoginPageTest -->
